<?xml version="1.0" encoding="UTF-8"?>
<testsuite xmlns:xsi="http://www.w3.org/2001/XMLSchema-instance" xsi:noNamespaceSchemaLocation="https://maven.apache.org/surefire/maven-surefire-plugin/xsd/surefire-test-report.xsd" name="com.salas.AppTest" time="0.071" tests="1" errors="0" skipped="0" failures="0">
  <properties>
    <property name="sun.desktop" value="windows"/>
    <property name="awt.toolkit" value="sun.awt.windows.WToolkit"/>
    <property name="java.specification.version" value="11"/>
    <property name="sun.cpu.isalist" value="amd64"/>
    <property name="sun.jnu.encoding" value="Cp1252"/>
    <property name="java.class.path" value="C:\Users\aleja\my-messagin-app\target\test-classes;C:\Users\aleja\my-messagin-app\target\classes;C:\Users\aleja\.m2\repository\junit\junit\4.13.1\junit-4.13.1.jar;C:\Users\aleja\.m2\repository\org\hamcrest\hamcrest-core\1.3\hamcrest-core-1.3.jar;C:\Users\aleja\.m2\repository\com\rabbitmq\amqp-client\5.16.0\amqp-client-5.16.0.jar;C:\Users\aleja\.m2\repository\org\slf4j\slf4j-api\1.7.36\slf4j-api-1.7.36.jar;C:\Users\aleja\.m2\repository\com\google\firebase\firebase-admin\9.2.0\firebase-admin-9.2.0.jar;C:\Users\aleja\.m2\repository\com\google\api-client\google-api-client\2.2.0\google-api-client-2.2.0.jar;C:\Users\aleja\.m2\repository\commons-codec\commons-codec\1.15\commons-codec-1.15.jar;C:\Users\aleja\.m2\repository\com\google\oauth-client\google-oauth-client\1.34.1\google-oauth-client-1.34.1.jar;C:\Users\aleja\.m2\repository\com\google\http-client\google-http-client-apache-v2\1.42.3\google-http-client-apache-v2-1.42.3.jar;C:\Users\aleja\.m2\repository\org\apache\httpcomponents\httpcore\4.4.16\httpcore-4.4.16.jar;C:\Users\aleja\.m2\repository\org\apache\httpcomponents\httpclient\4.5.14\httpclient-4.5.14.jar;C:\Users\aleja\.m2\repository\com\google\api-client\google-api-client-gson\2.2.0\google-api-client-gson-2.2.0.jar;C:\Users\aleja\.m2\repository\com\google\http-client\google-http-client\1.43.1\google-http-client-1.43.1.jar;C:\Users\aleja\.m2\repository\com\google\errorprone\error_prone_annotations\2.18.0\error_prone_annotations-2.18.0.jar;C:\Users\aleja\.m2\repository\com\google\j2objc\j2objc-annotations\1.3\j2objc-annotations-1.3.jar;C:\Users\aleja\.m2\repository\io\opencensus\opencensus-contrib-http-util\0.31.1\opencensus-contrib-http-util-0.31.1.jar;C:\Users\aleja\.m2\repository\com\google\api\api-common\2.12.0\api-common-2.12.0.jar;C:\Users\aleja\.m2\repository\javax\annotation\javax.annotation-api\1.3.2\javax.annotation-api-1.3.2.jar;C:\Users\aleja\.m2\repository\com\google\cloud\google-cloud-storage\2.22.4\google-cloud-storage-2.22.4.jar;C:\Users\aleja\.m2\repository\com\google\guava\failureaccess\1.0.1\failureaccess-1.0.1.jar;C:\Users\aleja\.m2\repository\com\google\guava\listenablefuture\9999.0-empty-to-avoid-conflict-with-guava\listenablefuture-9999.0-empty-to-avoid-conflict-with-guava.jar;C:\Users\aleja\.m2\repository\com\google\http-client\google-http-client-jackson2\1.43.1\google-http-client-jackson2-1.43.1.jar;C:\Users\aleja\.m2\repository\com\google\apis\google-api-services-storage\v1-rev20230301-2.0.0\google-api-services-storage-v1-rev20230301-2.0.0.jar;C:\Users\aleja\.m2\repository\com\google\code\gson\gson\2.10.1\gson-2.10.1.jar;C:\Users\aleja\.m2\repository\com\google\cloud\google-cloud-core\2.19.0\google-cloud-core-2.19.0.jar;C:\Users\aleja\.m2\repository\com\google\cloud\google-cloud-core-http\2.19.0\google-cloud-core-http-2.19.0.jar;C:\Users\aleja\.m2\repository\com\google\http-client\google-http-client-appengine\1.43.1\google-http-client-appengine-1.43.1.jar;C:\Users\aleja\.m2\repository\com\google\api\gax-httpjson\0.114.0\gax-httpjson-0.114.0.jar;C:\Users\aleja\.m2\repository\com\google\cloud\google-cloud-core-grpc\2.19.0\google-cloud-core-grpc-2.19.0.jar;C:\Users\aleja\.m2\repository\com\google\api\gax-grpc\2.29.0\gax-grpc-2.29.0.jar;C:\Users\aleja\.m2\repository\io\grpc\grpc-alts\1.55.1\grpc-alts-1.55.1.jar;C:\Users\aleja\.m2\repository\io\grpc\grpc-grpclb\1.55.1\grpc-grpclb-1.55.1.jar;C:\Users\aleja\.m2\repository\org\conscrypt\conscrypt-openjdk-uber\2.5.2\conscrypt-openjdk-uber-2.5.2.jar;C:\Users\aleja\.m2\repository\io\grpc\grpc-auth\1.55.1\grpc-auth-1.55.1.jar;C:\Users\aleja\.m2\repository\io\grpc\grpc-protobuf\1.55.1\grpc-protobuf-1.55.1.jar;C:\Users\aleja\.m2\repository\io\grpc\grpc-protobuf-lite\1.55.1\grpc-protobuf-lite-1.55.1.jar;C:\Users\aleja\.m2\repository\io\grpc\grpc-context\1.55.1\grpc-context-1.55.1.jar;C:\Users\aleja\.m2\repository\com\google\api\grpc\proto-google-iam-v1\1.15.0\proto-google-iam-v1-1.15.0.jar;C:\Users\aleja\.m2\repository\com\google\protobuf\protobuf-java-util\3.23.2\protobuf-java-util-3.23.2.jar;C:\Users\aleja\.m2\repository\com\google\api\grpc\proto-google-cloud-storage-v2\2.22.4-alpha\proto-google-cloud-storage-v2-2.22.4-alpha.jar;C:\Users\aleja\.m2\repository\com\google\api\grpc\grpc-google-cloud-storage-v2\2.22.4-alpha\grpc-google-cloud-storage-v2-2.22.4-alpha.jar;C:\Users\aleja\.m2\repository\com\google\api\grpc\gapic-google-cloud-storage-v2\2.22.4-alpha\gapic-google-cloud-storage-v2-2.22.4-alpha.jar;C:\Users\aleja\.m2\repository\com\fasterxml\jackson\core\jackson-core\2.14.2\jackson-core-2.14.2.jar;C:\Users\aleja\.m2\repository\io\grpc\grpc-api\1.55.1\grpc-api-1.55.1.jar;C:\Users\aleja\.m2\repository\io\grpc\grpc-netty-shaded\1.55.1\grpc-netty-shaded-1.55.1.jar;C:\Users\aleja\.m2\repository\io\perfmark\perfmark-api\0.26.0\perfmark-api-0.26.0.jar;C:\Users\aleja\.m2\repository\io\grpc\grpc-core\1.55.1\grpc-core-1.55.1.jar;C:\Users\aleja\.m2\repository\com\google\android\annotations\4.1.1.4\annotations-4.1.1.4.jar;C:\Users\aleja\.m2\repository\org\codehaus\mojo\animal-sniffer-annotations\1.23\animal-sniffer-annotations-1.23.jar;C:\Users\aleja\.m2\repository\io\grpc\grpc-stub\1.55.1\grpc-stub-1.55.1.jar;C:\Users\aleja\.m2\repository\io\grpc\grpc-googleapis\1.55.1\grpc-googleapis-1.55.1.jar;C:\Users\aleja\.m2\repository\org\checkerframework\checker-qual\3.32.0\checker-qual-3.32.0.jar;C:\Users\aleja\.m2\repository\io\grpc\grpc-xds\1.55.1\grpc-xds-1.55.1.jar;C:\Users\aleja\.m2\repository\io\opencensus\opencensus-proto\0.2.0\opencensus-proto-0.2.0.jar;C:\Users\aleja\.m2\repository\io\grpc\grpc-services\1.55.1\grpc-services-1.55.1.jar;C:\Users\aleja\.m2\repository\com\google\re2j\re2j\1.6\re2j-1.6.jar;C:\Users\aleja\.m2\repository\io\grpc\grpc-rls\1.55.1\grpc-rls-1.55.1.jar;C:\Users\aleja\.m2\repository\com\google\cloud\google-cloud-firestore\3.13.0\google-cloud-firestore-3.13.0.jar;C:\Users\aleja\.m2\repository\commons-logging\commons-logging\1.2\commons-logging-1.2.jar;C:\Users\aleja\.m2\repository\com\google\api\grpc\proto-google-cloud-firestore-v1\3.13.0\proto-google-cloud-firestore-v1-3.13.0.jar;C:\Users\aleja\.m2\repository\com\google\cloud\proto-google-cloud-firestore-bundle-v1\3.13.0\proto-google-cloud-firestore-bundle-v1-3.13.0.jar;C:\Users\aleja\.m2\repository\io\opencensus\opencensus-contrib-grpc-util\0.31.1\opencensus-contrib-grpc-util-0.31.1.jar;C:\Users\aleja\.m2\repository\com\google\guava\guava\31.1-jre\guava-31.1-jre.jar;C:\Users\aleja\.m2\repository\io\netty\netty-codec-http\4.1.94.Final\netty-codec-http-4.1.94.Final.jar;C:\Users\aleja\.m2\repository\io\netty\netty-common\4.1.94.Final\netty-common-4.1.94.Final.jar;C:\Users\aleja\.m2\repository\io\netty\netty-buffer\4.1.94.Final\netty-buffer-4.1.94.Final.jar;C:\Users\aleja\.m2\repository\io\netty\netty-codec\4.1.94.Final\netty-codec-4.1.94.Final.jar;C:\Users\aleja\.m2\repository\io\netty\netty-handler\4.1.94.Final\netty-handler-4.1.94.Final.jar;C:\Users\aleja\.m2\repository\io\netty\netty-resolver\4.1.94.Final\netty-resolver-4.1.94.Final.jar;C:\Users\aleja\.m2\repository\io\netty\netty-transport-native-unix-common\4.1.94.Final\netty-transport-native-unix-common-4.1.94.Final.jar;C:\Users\aleja\.m2\repository\io\netty\netty-transport\4.1.94.Final\netty-transport-4.1.94.Final.jar;C:\Users\aleja\.m2\repository\com\google\auth\google-auth-library-oauth2-http\1.3.0\google-auth-library-oauth2-http-1.3.0.jar;C:\Users\aleja\.m2\repository\com\google\auto\value\auto-value-annotations\1.8.2\auto-value-annotations-1.8.2.jar;C:\Users\aleja\.m2\repository\com\google\code\findbugs\jsr305\3.0.2\jsr305-3.0.2.jar;C:\Users\aleja\.m2\repository\com\google\auth\google-auth-library-credentials\1.3.0\google-auth-library-credentials-1.3.0.jar;C:\Users\aleja\.m2\repository\com\google\http-client\google-http-client-gson\1.40.1\google-http-client-gson-1.40.1.jar;C:\Users\aleja\.m2\repository\com\google\api\gax\2.37.0\gax-2.37.0.jar;C:\Users\aleja\.m2\repository\com\google\api\grpc\proto-google-common-protos\2.28.0\proto-google-common-protos-2.28.0.jar;C:\Users\aleja\.m2\repository\com\google\protobuf\protobuf-java\3.24.4\protobuf-java-3.24.4.jar;C:\Users\aleja\.m2\repository\org\threeten\threetenbp\1.6.8\threetenbp-1.6.8.jar;C:\Users\aleja\.m2\repository\io\opencensus\opencensus-api\0.31.1\opencensus-api-0.31.1.jar;C:\Users\aleja\.m2\repository\ch\qos\logback\logback-classic\1.4.11\logback-classic-1.4.11.jar;C:\Users\aleja\.m2\repository\ch\qos\logback\logback-core\1.2.9\logback-core-1.2.9.jar;"/>
    <property name="java.vm.vendor" value="Oracle Corporation"/>
    <property name="sun.arch.data.model" value="64"/>
    <property name="user.variant" value=""/>
    <property name="java.vendor.url" value="https://openjdk.java.net/"/>
    <property name="user.timezone" value="America/Caracas"/>
    <property name="java.vm.specification.version" value="11"/>
    <property name="os.name" value="Windows 10"/>
    <property name="sun.java.launcher" value="SUN_STANDARD"/>
    <property name="user.country" value="VE"/>
    <property name="sun.boot.library.path" value="C:\Program Files\Java\jdk-11\bin"/>
    <property name="sun.java.command" value="C:\Users\aleja\AppData\Local\Temp\surefire13536437149230876884\surefirebooter152532880718591697.jar C:\Users\aleja\AppData\Local\Temp\surefire13536437149230876884 2023-11-05T01-10-06_105-jvmRun1 surefire9243410178453587086tmp surefire_08423630794178537271tmp"/>
    <property name="jdk.debug" value="release"/>
    <property name="surefire.test.class.path" value="C:\Users\aleja\my-messagin-app\target\test-classes;C:\Users\aleja\my-messagin-app\target\classes;C:\Users\aleja\.m2\repository\junit\junit\4.13.1\junit-4.13.1.jar;C:\Users\aleja\.m2\repository\org\hamcrest\hamcrest-core\1.3\hamcrest-core-1.3.jar;C:\Users\aleja\.m2\repository\com\rabbitmq\amqp-client\5.16.0\amqp-client-5.16.0.jar;C:\Users\aleja\.m2\repository\org\slf4j\slf4j-api\1.7.36\slf4j-api-1.7.36.jar;C:\Users\aleja\.m2\repository\com\google\firebase\firebase-admin\9.2.0\firebase-admin-9.2.0.jar;C:\Users\aleja\.m2\repository\com\google\api-client\google-api-client\2.2.0\google-api-client-2.2.0.jar;C:\Users\aleja\.m2\repository\commons-codec\commons-codec\1.15\commons-codec-1.15.jar;C:\Users\aleja\.m2\repository\com\google\oauth-client\google-oauth-client\1.34.1\google-oauth-client-1.34.1.jar;C:\Users\aleja\.m2\repository\com\google\http-client\google-http-client-apache-v2\1.42.3\google-http-client-apache-v2-1.42.3.jar;C:\Users\aleja\.m2\repository\org\apache\httpcomponents\httpcore\4.4.16\httpcore-4.4.16.jar;C:\Users\aleja\.m2\repository\org\apache\httpcomponents\httpclient\4.5.14\httpclient-4.5.14.jar;C:\Users\aleja\.m2\repository\com\google\api-client\google-api-client-gson\2.2.0\google-api-client-gson-2.2.0.jar;C:\Users\aleja\.m2\repository\com\google\http-client\google-http-client\1.43.1\google-http-client-1.43.1.jar;C:\Users\aleja\.m2\repository\com\google\errorprone\error_prone_annotations\2.18.0\error_prone_annotations-2.18.0.jar;C:\Users\aleja\.m2\repository\com\google\j2objc\j2objc-annotations\1.3\j2objc-annotations-1.3.jar;C:\Users\aleja\.m2\repository\io\opencensus\opencensus-contrib-http-util\0.31.1\opencensus-contrib-http-util-0.31.1.jar;C:\Users\aleja\.m2\repository\com\google\api\api-common\2.12.0\api-common-2.12.0.jar;C:\Users\aleja\.m2\repository\javax\annotation\javax.annotation-api\1.3.2\javax.annotation-api-1.3.2.jar;C:\Users\aleja\.m2\repository\com\google\cloud\google-cloud-storage\2.22.4\google-cloud-storage-2.22.4.jar;C:\Users\aleja\.m2\repository\com\google\guava\failureaccess\1.0.1\failureaccess-1.0.1.jar;C:\Users\aleja\.m2\repository\com\google\guava\listenablefuture\9999.0-empty-to-avoid-conflict-with-guava\listenablefuture-9999.0-empty-to-avoid-conflict-with-guava.jar;C:\Users\aleja\.m2\repository\com\google\http-client\google-http-client-jackson2\1.43.1\google-http-client-jackson2-1.43.1.jar;C:\Users\aleja\.m2\repository\com\google\apis\google-api-services-storage\v1-rev20230301-2.0.0\google-api-services-storage-v1-rev20230301-2.0.0.jar;C:\Users\aleja\.m2\repository\com\google\code\gson\gson\2.10.1\gson-2.10.1.jar;C:\Users\aleja\.m2\repository\com\google\cloud\google-cloud-core\2.19.0\google-cloud-core-2.19.0.jar;C:\Users\aleja\.m2\repository\com\google\cloud\google-cloud-core-http\2.19.0\google-cloud-core-http-2.19.0.jar;C:\Users\aleja\.m2\repository\com\google\http-client\google-http-client-appengine\1.43.1\google-http-client-appengine-1.43.1.jar;C:\Users\aleja\.m2\repository\com\google\api\gax-httpjson\0.114.0\gax-httpjson-0.114.0.jar;C:\Users\aleja\.m2\repository\com\google\cloud\google-cloud-core-grpc\2.19.0\google-cloud-core-grpc-2.19.0.jar;C:\Users\aleja\.m2\repository\com\google\api\gax-grpc\2.29.0\gax-grpc-2.29.0.jar;C:\Users\aleja\.m2\repository\io\grpc\grpc-alts\1.55.1\grpc-alts-1.55.1.jar;C:\Users\aleja\.m2\repository\io\grpc\grpc-grpclb\1.55.1\grpc-grpclb-1.55.1.jar;C:\Users\aleja\.m2\repository\org\conscrypt\conscrypt-openjdk-uber\2.5.2\conscrypt-openjdk-uber-2.5.2.jar;C:\Users\aleja\.m2\repository\io\grpc\grpc-auth\1.55.1\grpc-auth-1.55.1.jar;C:\Users\aleja\.m2\repository\io\grpc\grpc-protobuf\1.55.1\grpc-protobuf-1.55.1.jar;C:\Users\aleja\.m2\repository\io\grpc\grpc-protobuf-lite\1.55.1\grpc-protobuf-lite-1.55.1.jar;C:\Users\aleja\.m2\repository\io\grpc\grpc-context\1.55.1\grpc-context-1.55.1.jar;C:\Users\aleja\.m2\repository\com\google\api\grpc\proto-google-iam-v1\1.15.0\proto-google-iam-v1-1.15.0.jar;C:\Users\aleja\.m2\repository\com\google\protobuf\protobuf-java-util\3.23.2\protobuf-java-util-3.23.2.jar;C:\Users\aleja\.m2\repository\com\google\api\grpc\proto-google-cloud-storage-v2\2.22.4-alpha\proto-google-cloud-storage-v2-2.22.4-alpha.jar;C:\Users\aleja\.m2\repository\com\google\api\grpc\grpc-google-cloud-storage-v2\2.22.4-alpha\grpc-google-cloud-storage-v2-2.22.4-alpha.jar;C:\Users\aleja\.m2\repository\com\google\api\grpc\gapic-google-cloud-storage-v2\2.22.4-alpha\gapic-google-cloud-storage-v2-2.22.4-alpha.jar;C:\Users\aleja\.m2\repository\com\fasterxml\jackson\core\jackson-core\2.14.2\jackson-core-2.14.2.jar;C:\Users\aleja\.m2\repository\io\grpc\grpc-api\1.55.1\grpc-api-1.55.1.jar;C:\Users\aleja\.m2\repository\io\grpc\grpc-netty-shaded\1.55.1\grpc-netty-shaded-1.55.1.jar;C:\Users\aleja\.m2\repository\io\perfmark\perfmark-api\0.26.0\perfmark-api-0.26.0.jar;C:\Users\aleja\.m2\repository\io\grpc\grpc-core\1.55.1\grpc-core-1.55.1.jar;C:\Users\aleja\.m2\repository\com\google\android\annotations\4.1.1.4\annotations-4.1.1.4.jar;C:\Users\aleja\.m2\repository\org\codehaus\mojo\animal-sniffer-annotations\1.23\animal-sniffer-annotations-1.23.jar;C:\Users\aleja\.m2\repository\io\grpc\grpc-stub\1.55.1\grpc-stub-1.55.1.jar;C:\Users\aleja\.m2\repository\io\grpc\grpc-googleapis\1.55.1\grpc-googleapis-1.55.1.jar;C:\Users\aleja\.m2\repository\org\checkerframework\checker-qual\3.32.0\checker-qual-3.32.0.jar;C:\Users\aleja\.m2\repository\io\grpc\grpc-xds\1.55.1\grpc-xds-1.55.1.jar;C:\Users\aleja\.m2\repository\io\opencensus\opencensus-proto\0.2.0\opencensus-proto-0.2.0.jar;C:\Users\aleja\.m2\repository\io\grpc\grpc-services\1.55.1\grpc-services-1.55.1.jar;C:\Users\aleja\.m2\repository\com\google\re2j\re2j\1.6\re2j-1.6.jar;C:\Users\aleja\.m2\repository\io\grpc\grpc-rls\1.55.1\grpc-rls-1.55.1.jar;C:\Users\aleja\.m2\repository\com\google\cloud\google-cloud-firestore\3.13.0\google-cloud-firestore-3.13.0.jar;C:\Users\aleja\.m2\repository\commons-logging\commons-logging\1.2\commons-logging-1.2.jar;C:\Users\aleja\.m2\repository\com\google\api\grpc\proto-google-cloud-firestore-v1\3.13.0\proto-google-cloud-firestore-v1-3.13.0.jar;C:\Users\aleja\.m2\repository\com\google\cloud\proto-google-cloud-firestore-bundle-v1\3.13.0\proto-google-cloud-firestore-bundle-v1-3.13.0.jar;C:\Users\aleja\.m2\repository\io\opencensus\opencensus-contrib-grpc-util\0.31.1\opencensus-contrib-grpc-util-0.31.1.jar;C:\Users\aleja\.m2\repository\com\google\guava\guava\31.1-jre\guava-31.1-jre.jar;C:\Users\aleja\.m2\repository\io\netty\netty-codec-http\4.1.94.Final\netty-codec-http-4.1.94.Final.jar;C:\Users\aleja\.m2\repository\io\netty\netty-common\4.1.94.Final\netty-common-4.1.94.Final.jar;C:\Users\aleja\.m2\repository\io\netty\netty-buffer\4.1.94.Final\netty-buffer-4.1.94.Final.jar;C:\Users\aleja\.m2\repository\io\netty\netty-codec\4.1.94.Final\netty-codec-4.1.94.Final.jar;C:\Users\aleja\.m2\repository\io\netty\netty-handler\4.1.94.Final\netty-handler-4.1.94.Final.jar;C:\Users\aleja\.m2\repository\io\netty\netty-resolver\4.1.94.Final\netty-resolver-4.1.94.Final.jar;C:\Users\aleja\.m2\repository\io\netty\netty-transport-native-unix-common\4.1.94.Final\netty-transport-native-unix-common-4.1.94.Final.jar;C:\Users\aleja\.m2\repository\io\netty\netty-transport\4.1.94.Final\netty-transport-4.1.94.Final.jar;C:\Users\aleja\.m2\repository\com\google\auth\google-auth-library-oauth2-http\1.3.0\google-auth-library-oauth2-http-1.3.0.jar;C:\Users\aleja\.m2\repository\com\google\auto\value\auto-value-annotations\1.8.2\auto-value-annotations-1.8.2.jar;C:\Users\aleja\.m2\repository\com\google\code\findbugs\jsr305\3.0.2\jsr305-3.0.2.jar;C:\Users\aleja\.m2\repository\com\google\auth\google-auth-library-credentials\1.3.0\google-auth-library-credentials-1.3.0.jar;C:\Users\aleja\.m2\repository\com\google\http-client\google-http-client-gson\1.40.1\google-http-client-gson-1.40.1.jar;C:\Users\aleja\.m2\repository\com\google\api\gax\2.37.0\gax-2.37.0.jar;C:\Users\aleja\.m2\repository\com\google\api\grpc\proto-google-common-protos\2.28.0\proto-google-common-protos-2.28.0.jar;C:\Users\aleja\.m2\repository\com\google\protobuf\protobuf-java\3.24.4\protobuf-java-3.24.4.jar;C:\Users\aleja\.m2\repository\org\threeten\threetenbp\1.6.8\threetenbp-1.6.8.jar;C:\Users\aleja\.m2\repository\io\opencensus\opencensus-api\0.31.1\opencensus-api-0.31.1.jar;C:\Users\aleja\.m2\repository\ch\qos\logback\logback-classic\1.4.11\logback-classic-1.4.11.jar;C:\Users\aleja\.m2\repository\ch\qos\logback\logback-core\1.2.9\logback-core-1.2.9.jar;"/>
    <property name="sun.cpu.endian" value="little"/>
    <property name="user.home" value="C:\Users\aleja"/>
    <property name="user.language" value="es"/>
    <property name="java.specification.vendor" value="Oracle Corporation"/>
    <property name="java.version.date" value="2023-04-18"/>
    <property name="java.home" value="C:\Program Files\Java\jdk-11"/>
    <property name="file.separator" value="\"/>
    <property name="basedir" value="C:\Users\aleja\my-messagin-app"/>
    <property name="java.vm.compressedOopsMode" value="Zero based"/>
    <property name="line.separator" value="&#10;"/>
    <property name="java.specification.name" value="Java Platform API Specification"/>
    <property name="java.vm.specification.vendor" value="Oracle Corporation"/>
    <property name="java.awt.graphicsenv" value="sun.awt.Win32GraphicsEnvironment"/>
    <property name="surefire.real.class.path" value="C:\Users\aleja\AppData\Local\Temp\surefire13536437149230876884\surefirebooter152532880718591697.jar"/>
    <property name="user.script" value=""/>
    <property name="sun.management.compiler" value="HotSpot 64-Bit Tiered Compilers"/>
    <property name="java.runtime.version" value="11.0.19+9-LTS-224"/>
    <property name="user.name" value="aleja"/>
    <property name="path.separator" value=";"/>
    <property name="os.version" value="10.0"/>
    <property name="java.runtime.name" value="Java(TM) SE Runtime Environment"/>
    <property name="file.encoding" value="Cp1252"/>
    <property name="java.vm.name" value="Java HotSpot(TM) 64-Bit Server VM"/>
    <property name="java.vendor.version" value="18.9"/>
    <property name="localRepository" value="C:\Users\aleja\.m2\repository"/>
    <property name="java.vendor.url.bug" value="https://bugreport.java.com/bugreport/"/>
    <property name="java.io.tmpdir" value="C:\Users\aleja\AppData\Local\Temp\"/>
    <property name="idea.version" value="2023.2.4"/>
    <property name="java.version" value="11.0.19"/>
    <property name="user.dir" value="C:\Users\aleja\my-messagin-app"/>
    <property name="os.arch" value="amd64"/>
    <property name="java.vm.specification.name" value="Java Virtual Machine Specification"/>
    <property name="java.awt.printerjob" value="sun.awt.windows.WPrinterJob"/>
    <property name="sun.os.patch.level" value=""/>
    <property name="java.library.path" value="C:\Program Files\Java\jdk-11\bin;C:\Windows\Sun\Java\bin;C:\Windows\system32;C:\Windows;C:\Program Files\Common Files\Oracle\Java\javapath;C:\Program Files (x86)\Common Files\Oracle\Java\javapath;C:\app\aleja\product\21c\dbhomeXE\bin;C:\Windows\system32;C:\Windows;C:\Windows\System32\Wbem;C:\Windows\System32\WindowsPowerShell\v1.0\;C:\Windows\System32\OpenSSH\;C:\Program Files (x86)\Microchip\MPLAB C32 Suite\bin;C:\Users\aleja\AppData\Local\Programs\Python\Python311;C:\Users\aleja\AppData\Local\Programs\Python\Python311\Scripts;c:\Program Files (x86)\Intel\Intel(R) Management Engine Components\DAL;c:\Program Files\Intel\Intel(R) Management Engine Components\DAL;C:\Program Files\Maven\apache-maven-3.9.4\bin;C:\Program Files\nodejs\;C:\Program Files\nodejs;C:\Program Files\GitHub CLI\;C:\Program Files\Git\cmd;C:\Program Files\Java\jdk1.8.0_202\bin;C:\Users\aleja\AppData\Local\Microsoft\WindowsApps;C:\Users\aleja\AppData\Local\Programs\Microsoft VS Code\bin;C:\Users\aleja\AppData\Local\Programs\Python\Python311;C:\Users\aleja\AppData\Local\Programs\Python\Python311\Scripts;C:\Users\aleja\AppData\Roaming\npm;C:\Users\aleja\AppData\Local\GitHubDesktop\bin;C:\Program Files\Java\jdk1.8.0_202\bin;;."/>
    <property name="java.vendor" value="Oracle Corporation"/>
    <property name="java.vm.info" value="mixed mode"/>
    <property name="java.vm.version" value="11.0.19+9-LTS-224"/>
    <property name="sun.io.unicode.encoding" value="UnicodeLittle"/>
    <property name="java.class.version" value="55.0"/>
  </properties>
  <testcase name="shouldAnswerWithTrue" classname="com.salas.AppTest" time="0.003"/>
</testsuite>